  [1m[35m (553.9ms)[0m  [1m[35mCREATE DATABASE "hyper_kitten_meow_development" ENCODING = 'unicode'[0m
  [1m[35m (536.6ms)[0m  [1m[35mCREATE DATABASE "hyper_kitten_meow_test" ENCODING = 'unicode'[0m
  [1m[35m (128.8ms)[0m  [1m[35mCREATE TABLE "schema_migrations" ("version" character varying NOT NULL PRIMARY KEY)[0m
  [1m[35m (101.3ms)[0m  [1m[35mCREATE TABLE "ar_internal_metadata" ("key" character varying NOT NULL PRIMARY KEY, "value" character varying, "created_at" timestamp(6) NOT NULL, "updated_at" timestamp(6) NOT NULL)[0m
  [1m[35m (0.2ms)[0m  [1m[34mSELECT pg_try_advisory_lock(2698189917409350630)[0m
  [1m[36mActiveRecord::SchemaMigration Pluck (0.4ms)[0m  [1m[34mSELECT "schema_migrations"."version" FROM "schema_migrations" ORDER BY "schema_migrations"."version" ASC[0m
Migrating to CreateHyperKittenMeowUsers (20220221202108)
  [1m[36mTRANSACTION (0.2ms)[0m  [1m[35mBEGIN[0m
  [1m[35m (82.7ms)[0m  [1m[35mCREATE TABLE "hyper_kitten_meow_users" ("id" bigserial primary key, "name" character varying, "email" character varying, "password_digest" character varying, "remember_digest" character varying, "created_at" timestamp(6) NOT NULL, "updated_at" timestamp(6) NOT NULL)[0m
  [1m[35m (39.2ms)[0m  [1m[35mCREATE UNIQUE INDEX "index_hyper_kitten_meow_users_on_email" ON "hyper_kitten_meow_users" ("email")[0m
  [1m[36mActiveRecord::SchemaMigration Create (0.4ms)[0m  [1m[32mINSERT INTO "schema_migrations" ("version") VALUES ($1) RETURNING "version"[0m  [["version", "20220221202108"]]
  [1m[36mTRANSACTION (20.2ms)[0m  [1m[35mCOMMIT[0m
  [1m[36mActiveRecord::InternalMetadata Load (0.4ms)[0m  [1m[34mSELECT "ar_internal_metadata".* FROM "ar_internal_metadata" WHERE "ar_internal_metadata"."key" = $1 LIMIT $2[0m  [["key", "environment"], ["LIMIT", 1]]
  [1m[36mTRANSACTION (0.1ms)[0m  [1m[35mBEGIN[0m
  [1m[36mActiveRecord::InternalMetadata Create (0.7ms)[0m  [1m[32mINSERT INTO "ar_internal_metadata" ("key", "value", "created_at", "updated_at") VALUES ($1, $2, $3, $4) RETURNING "key"[0m  [["key", "environment"], ["value", "development"], ["created_at", "2022-02-21 20:23:49.752699"], ["updated_at", "2022-02-21 20:23:49.752699"]]
  [1m[36mTRANSACTION (19.7ms)[0m  [1m[35mCOMMIT[0m
  [1m[35m (0.2ms)[0m  [1m[34mSELECT pg_advisory_unlock(2698189917409350630)[0m
  [1m[36mActiveRecord::SchemaMigration Pluck (0.7ms)[0m  [1m[34mSELECT "schema_migrations"."version" FROM "schema_migrations" ORDER BY "schema_migrations"."version" ASC[0m
  [1m[35m (0.1ms)[0m  [1m[34mSELECT pg_try_advisory_lock(2698189917409350630)[0m
  [1m[36mActiveRecord::SchemaMigration Pluck (0.8ms)[0m  [1m[34mSELECT "schema_migrations"."version" FROM "schema_migrations" ORDER BY "schema_migrations"."version" ASC[0m
Migrating to CreateHyperKittenMeowPosts (20220221203038)
  [1m[35m (0.3ms)[0m  [1m[34mSELECT pg_advisory_unlock(2698189917409350630)[0m
  [1m[35m (0.2ms)[0m  [1m[34mSELECT pg_try_advisory_lock(2698189917409350630)[0m
  [1m[36mActiveRecord::SchemaMigration Pluck (0.7ms)[0m  [1m[34mSELECT "schema_migrations"."version" FROM "schema_migrations" ORDER BY "schema_migrations"."version" ASC[0m
Migrating to CreateHyperKittenMeowPosts (20220221203038)
  [1m[36mTRANSACTION (0.2ms)[0m  [1m[35mBEGIN[0m
  [1m[35m (121.4ms)[0m  [1m[35mCREATE TABLE "hyper_kitten_meow_posts" ("id" bigserial primary key, "title" character varying, "published" boolean DEFAULT FALSE NOT NULL, "published_at" timestamp(6), "summary" text, "slug" character varying, "user_id" bigint, "created_at" timestamp(6) NOT NULL, "updated_at" timestamp(6) NOT NULL, CONSTRAINT "fk_rails_9ac53f1bdd"
FOREIGN KEY ("user_id")
  REFERENCES "users" ("id")
)[0m
  [1m[36mTRANSACTION (0.3ms)[0m  [1m[31mROLLBACK[0m
  [1m[35m (0.5ms)[0m  [1m[34mSELECT pg_advisory_unlock(2698189917409350630)[0m
  [1m[35m (0.1ms)[0m  [1m[34mSELECT pg_try_advisory_lock(2698189917409350630)[0m
  [1m[36mActiveRecord::SchemaMigration Pluck (0.7ms)[0m  [1m[34mSELECT "schema_migrations"."version" FROM "schema_migrations" ORDER BY "schema_migrations"."version" ASC[0m
Migrating to CreateHyperKittenMeowPosts (20220221203038)
  [1m[36mTRANSACTION (0.2ms)[0m  [1m[35mBEGIN[0m
  [1m[35m (103.5ms)[0m  [1m[35mCREATE TABLE "hyper_kitten_meow_posts" ("id" bigserial primary key, "title" character varying, "published" boolean DEFAULT FALSE NOT NULL, "published_at" timestamp(6), "summary" text, "slug" character varying, "user_id" bigint, "created_at" timestamp(6) NOT NULL, "updated_at" timestamp(6) NOT NULL, CONSTRAINT "fk_rails_9ac53f1bdd"
FOREIGN KEY ("user_id")
  REFERENCES "hyper_kitten_meow_users" ("id")
)[0m
  [1m[35m (39.7ms)[0m  [1m[35mCREATE INDEX "index_hyper_kitten_meow_posts_on_user_id" ON "hyper_kitten_meow_posts" ("user_id")[0m
  [1m[35m (39.7ms)[0m  [1m[35mCREATE UNIQUE INDEX "index_hyper_kitten_meow_posts_on_slug" ON "hyper_kitten_meow_posts" ("slug")[0m
  [1m[36mActiveRecord::SchemaMigration Create (0.4ms)[0m  [1m[32mINSERT INTO "schema_migrations" ("version") VALUES ($1) RETURNING "version"[0m  [["version", "20220221203038"]]
  [1m[36mTRANSACTION (20.1ms)[0m  [1m[35mCOMMIT[0m
  [1m[36mActiveRecord::InternalMetadata Load (0.3ms)[0m  [1m[34mSELECT "ar_internal_metadata".* FROM "ar_internal_metadata" WHERE "ar_internal_metadata"."key" = $1 LIMIT $2[0m  [["key", "environment"], ["LIMIT", 1]]
  [1m[35m (0.2ms)[0m  [1m[34mSELECT pg_advisory_unlock(2698189917409350630)[0m
  [1m[36mActiveRecord::SchemaMigration Pluck (0.7ms)[0m  [1m[34mSELECT "schema_migrations"."version" FROM "schema_migrations" ORDER BY "schema_migrations"."version" ASC[0m
